{"level":"info","message":"::1 - - [26/Jun/2022:22:11:55 +0000] \"POST /auth/reset-pass/?token=mI7c-MoIVFzAQjM1KI6DqORuAYD-GtTLjT3wIZeFp054WeYUQT_kfzbVkVslEDXpBDIEOY2ok9tAIBi6ILpZPQ HTTP/1.1\" 400 38 \"-\" \"PostmanRuntime/7.26.8\"\n"}
{"level":"info","message":"::1 - - [26/Jun/2022:22:12:03 +0000] \"GET /auth/logout HTTP/1.1\" 200 49 \"-\" \"PostmanRuntime/7.26.8\"\n"}
{"level":"info","message":"::1 - - [26/Jun/2022:22:12:10 +0000] \"POST /auth/reset-pass/?token=mI7c-MoIVFzAQjM1KI6DqORuAYD-GtTLjT3wIZeFp054WeYUQT_kfzbVkVslEDXpBDIEOY2ok9tAIBi6ILpZPQ HTTP/1.1\" 400 38 \"-\" \"PostmanRuntime/7.26.8\"\n"}
{"level":"info","message":"::1 - - [26/Jun/2022:22:12:14 +0000] \"POST /auth/reset-pass-request HTTP/1.1\" 200 183 \"-\" \"PostmanRuntime/7.26.8\"\n"}
{"level":"info","message":"::1 - - [26/Jun/2022:22:12:20 +0000] \"POST /auth/signup/ HTTP/1.1\" 409 45 \"-\" \"PostmanRuntime/7.26.8\"\n"}
{"level":"info","message":"::1 - - [26/Jun/2022:22:24:28 +0000] \"GET /auth/get-all-users HTTP/1.1\" 500 78 \"-\" \"PostmanRuntime/7.26.8\"\n"}
{"level":"info","message":"::1 - - [26/Jun/2022:22:24:54 +0000] \"GET /auth/get-all-users HTTP/1.1\" 500 78 \"-\" \"PostmanRuntime/7.26.8\"\n"}
{"level":"info","message":"::1 - - [26/Jun/2022:22:25:09 +0000] \"GET /auth/get-all-users HTTP/1.1\" 500 78 \"-\" \"PostmanRuntime/7.26.8\"\n"}
{"level":"info","message":"::1 - - [26/Jun/2022:22:26:00 +0000] \"GET /auth/get-all-users HTTP/1.1\" 500 66 \"-\" \"PostmanRuntime/7.26.8\"\n"}
{"level":"info","message":"::1 - - [26/Jun/2022:22:26:54 +0000] \"POST /auth/signin HTTP/1.1\" 500 126 \"-\" \"PostmanRuntime/7.26.8\"\n"}
{"level":"info","message":"::1 - - [26/Jun/2022:22:27:21 +0000] \"POST /auth/signin HTTP/1.1\" 500 126 \"-\" \"PostmanRuntime/7.26.8\"\n"}
{"date":"Sun Jun 26 2022 15:28:31 GMT-0700 (Pacific Daylight Time)","error":{},"exception":true,"level":"error","message":"uncaughtException: \"expiresIn\" should be a number of seconds or string representing a timespan eg: \"1d\", \"20h\", 60\nError: \"expiresIn\" should be a number of seconds or string representing a timespan eg: \"1d\", \"20h\", 60\n    at Object.module.exports [as sign] (C:\\Users\\MOZEY\\Desktop\\smart\\node_modules\\jsonwebtoken\\sign.js:175:22)\n    at generateAccesstoken (C:\\Users\\MOZEY\\Desktop\\smart\\auth\\utils\\generateTokens.js:4:16)\n    at module.exports (C:\\Users\\MOZEY\\Desktop\\smart\\auth\\utils\\verificationLink.js:89:29)\n    at signup (C:\\Users\\MOZEY\\Desktop\\smart\\auth\\controls\\auth.js:117:21)","os":{"loadavg":[0,0,0],"uptime":19955},"process":{"argv":["C:\\Program Files\\nodejs\\node.exe","C:\\Users\\MOZEY\\Desktop\\smart\\server.js"],"cwd":"C:\\Users\\MOZEY\\Desktop\\smart","execPath":"C:\\Program Files\\nodejs\\node.exe","gid":null,"memoryUsage":{"arrayBuffers":18337913,"external":19293098,"heapTotal":39899136,"heapUsed":36771864,"rss":66539520},"pid":7972,"uid":null,"version":"v16.14.2"},"stack":"Error: \"expiresIn\" should be a number of seconds or string representing a timespan eg: \"1d\", \"20h\", 60\n    at Object.module.exports [as sign] (C:\\Users\\MOZEY\\Desktop\\smart\\node_modules\\jsonwebtoken\\sign.js:175:22)\n    at generateAccesstoken (C:\\Users\\MOZEY\\Desktop\\smart\\auth\\utils\\generateTokens.js:4:16)\n    at module.exports (C:\\Users\\MOZEY\\Desktop\\smart\\auth\\utils\\verificationLink.js:89:29)\n    at signup (C:\\Users\\MOZEY\\Desktop\\smart\\auth\\controls\\auth.js:117:21)","trace":[{"column":22,"file":"C:\\Users\\MOZEY\\Desktop\\smart\\node_modules\\jsonwebtoken\\sign.js","function":"Object.module.exports [as sign]","line":175,"method":"exports [as sign]","native":false},{"column":16,"file":"C:\\Users\\MOZEY\\Desktop\\smart\\auth\\utils\\generateTokens.js","function":"generateAccesstoken","line":4,"method":null,"native":false},{"column":29,"file":"C:\\Users\\MOZEY\\Desktop\\smart\\auth\\utils\\verificationLink.js","function":"module.exports","line":89,"method":"exports","native":false},{"column":21,"file":"C:\\Users\\MOZEY\\Desktop\\smart\\auth\\controls\\auth.js","function":"signup","line":117,"method":null,"native":false}]}
{"date":"Sun Jun 26 2022 15:30:12 GMT-0700 (Pacific Daylight Time)","error":{},"exception":true,"level":"error","message":"uncaughtException: secretOrPrivateKey must have a value\nError: secretOrPrivateKey must have a value\n    at Object.module.exports [as sign] (C:\\Users\\MOZEY\\Desktop\\smart\\node_modules\\jsonwebtoken\\sign.js:107:20)\n    at generateAccesstoken (C:\\Users\\MOZEY\\Desktop\\smart\\auth\\utils\\generateTokens.js:4:16)\n    at module.exports (C:\\Users\\MOZEY\\Desktop\\smart\\auth\\utils\\verificationLink.js:89:29)\n    at signup (C:\\Users\\MOZEY\\Desktop\\smart\\auth\\controls\\auth.js:117:21)","os":{"loadavg":[0,0,0],"uptime":20056},"process":{"argv":["C:\\Program Files\\nodejs\\node.exe","C:\\Users\\MOZEY\\Desktop\\smart\\server.js"],"cwd":"C:\\Users\\MOZEY\\Desktop\\smart","execPath":"C:\\Program Files\\nodejs\\node.exe","gid":null,"memoryUsage":{"arrayBuffers":18425054,"external":19396842,"heapTotal":73191424,"heapUsed":37267904,"rss":97349632},"pid":6752,"uid":null,"version":"v16.14.2"},"stack":"Error: secretOrPrivateKey must have a value\n    at Object.module.exports [as sign] (C:\\Users\\MOZEY\\Desktop\\smart\\node_modules\\jsonwebtoken\\sign.js:107:20)\n    at generateAccesstoken (C:\\Users\\MOZEY\\Desktop\\smart\\auth\\utils\\generateTokens.js:4:16)\n    at module.exports (C:\\Users\\MOZEY\\Desktop\\smart\\auth\\utils\\verificationLink.js:89:29)\n    at signup (C:\\Users\\MOZEY\\Desktop\\smart\\auth\\controls\\auth.js:117:21)","trace":[{"column":20,"file":"C:\\Users\\MOZEY\\Desktop\\smart\\node_modules\\jsonwebtoken\\sign.js","function":"Object.module.exports [as sign]","line":107,"method":"exports [as sign]","native":false},{"column":16,"file":"C:\\Users\\MOZEY\\Desktop\\smart\\auth\\utils\\generateTokens.js","function":"generateAccesstoken","line":4,"method":null,"native":false},{"column":29,"file":"C:\\Users\\MOZEY\\Desktop\\smart\\auth\\utils\\verificationLink.js","function":"module.exports","line":89,"method":"exports","native":false},{"column":21,"file":"C:\\Users\\MOZEY\\Desktop\\smart\\auth\\controls\\auth.js","function":"signup","line":117,"method":null,"native":false}]}
{"date":"Sun Jun 26 2022 15:30:46 GMT-0700 (Pacific Daylight Time)","error":{},"exception":true,"level":"error","message":"uncaughtException: secretOrPrivateKey must have a value\nError: secretOrPrivateKey must have a value\n    at Object.module.exports [as sign] (C:\\Users\\MOZEY\\Desktop\\smart\\node_modules\\jsonwebtoken\\sign.js:107:20)\n    at generateAccesstoken (C:\\Users\\MOZEY\\Desktop\\smart\\auth\\utils\\generateTokens.js:4:16)\n    at module.exports (C:\\Users\\MOZEY\\Desktop\\smart\\auth\\utils\\verificationLink.js:89:29)\n    at signup (C:\\Users\\MOZEY\\Desktop\\smart\\auth\\controls\\auth.js:117:21)","os":{"loadavg":[0,0,0],"uptime":20090},"process":{"argv":["C:\\Program Files\\nodejs\\node.exe","C:\\Users\\MOZEY\\Desktop\\smart\\server.js"],"cwd":"C:\\Users\\MOZEY\\Desktop\\smart","execPath":"C:\\Program Files\\nodejs\\node.exe","gid":null,"memoryUsage":{"arrayBuffers":18425054,"external":29621755,"heapTotal":71618560,"heapUsed":37344368,"rss":96452608},"pid":6020,"uid":null,"version":"v16.14.2"},"stack":"Error: secretOrPrivateKey must have a value\n    at Object.module.exports [as sign] (C:\\Users\\MOZEY\\Desktop\\smart\\node_modules\\jsonwebtoken\\sign.js:107:20)\n    at generateAccesstoken (C:\\Users\\MOZEY\\Desktop\\smart\\auth\\utils\\generateTokens.js:4:16)\n    at module.exports (C:\\Users\\MOZEY\\Desktop\\smart\\auth\\utils\\verificationLink.js:89:29)\n    at signup (C:\\Users\\MOZEY\\Desktop\\smart\\auth\\controls\\auth.js:117:21)","trace":[{"column":20,"file":"C:\\Users\\MOZEY\\Desktop\\smart\\node_modules\\jsonwebtoken\\sign.js","function":"Object.module.exports [as sign]","line":107,"method":"exports [as sign]","native":false},{"column":16,"file":"C:\\Users\\MOZEY\\Desktop\\smart\\auth\\utils\\generateTokens.js","function":"generateAccesstoken","line":4,"method":null,"native":false},{"column":29,"file":"C:\\Users\\MOZEY\\Desktop\\smart\\auth\\utils\\verificationLink.js","function":"module.exports","line":89,"method":"exports","native":false},{"column":21,"file":"C:\\Users\\MOZEY\\Desktop\\smart\\auth\\controls\\auth.js","function":"signup","line":117,"method":null,"native":false}]}
{"date":"Sun Jun 26 2022 15:31:10 GMT-0700 (Pacific Daylight Time)","error":{},"exception":true,"level":"error","message":"uncaughtException: secretOrPrivateKey must have a value\nError: secretOrPrivateKey must have a value\n    at Object.module.exports [as sign] (C:\\Users\\MOZEY\\Desktop\\smart\\node_modules\\jsonwebtoken\\sign.js:107:20)\n    at generateAccesstoken (C:\\Users\\MOZEY\\Desktop\\smart\\auth\\utils\\generateTokens.js:4:16)\n    at module.exports (C:\\Users\\MOZEY\\Desktop\\smart\\auth\\utils\\verificationLink.js:89:29)\n    at signup (C:\\Users\\MOZEY\\Desktop\\smart\\auth\\controls\\auth.js:117:21)","os":{"loadavg":[0,0,0],"uptime":20113},"process":{"argv":["C:\\Program Files\\nodejs\\node.exe","C:\\Users\\MOZEY\\Desktop\\smart\\server.js"],"cwd":"C:\\Users\\MOZEY\\Desktop\\smart","execPath":"C:\\Program Files\\nodejs\\node.exe","gid":null,"memoryUsage":{"arrayBuffers":18425054,"external":19396836,"heapTotal":73191424,"heapUsed":37168424,"rss":97411072},"pid":6588,"uid":null,"version":"v16.14.2"},"stack":"Error: secretOrPrivateKey must have a value\n    at Object.module.exports [as sign] (C:\\Users\\MOZEY\\Desktop\\smart\\node_modules\\jsonwebtoken\\sign.js:107:20)\n    at generateAccesstoken (C:\\Users\\MOZEY\\Desktop\\smart\\auth\\utils\\generateTokens.js:4:16)\n    at module.exports (C:\\Users\\MOZEY\\Desktop\\smart\\auth\\utils\\verificationLink.js:89:29)\n    at signup (C:\\Users\\MOZEY\\Desktop\\smart\\auth\\controls\\auth.js:117:21)","trace":[{"column":20,"file":"C:\\Users\\MOZEY\\Desktop\\smart\\node_modules\\jsonwebtoken\\sign.js","function":"Object.module.exports [as sign]","line":107,"method":"exports [as sign]","native":false},{"column":16,"file":"C:\\Users\\MOZEY\\Desktop\\smart\\auth\\utils\\generateTokens.js","function":"generateAccesstoken","line":4,"method":null,"native":false},{"column":29,"file":"C:\\Users\\MOZEY\\Desktop\\smart\\auth\\utils\\verificationLink.js","function":"module.exports","line":89,"method":"exports","native":false},{"column":21,"file":"C:\\Users\\MOZEY\\Desktop\\smart\\auth\\controls\\auth.js","function":"signup","line":117,"method":null,"native":false}]}
{"level":"info","message":"::1 - - [26/Jun/2022:22:32:03 +0000] \"POST /auth/signup/ HTTP/1.1\" 500 61 \"-\" \"PostmanRuntime/7.26.8\"\n"}
{"level":"info","message":"::1 - - [26/Jun/2022:22:32:32 +0000] \"POST /auth/signup/ HTTP/1.1\" 200 54 \"-\" \"PostmanRuntime/7.26.8\"\n"}
{"level":"info","message":"::1 - - [26/Jun/2022:22:32:52 +0000] \"POST /auth/signup/ HTTP/1.1\" 409 45 \"-\" \"PostmanRuntime/7.26.8\"\n"}
{"level":"info","message":"::1 - - [26/Jun/2022:22:33:03 +0000] \"POST /auth/signup/ HTTP/1.1\" 500 61 \"-\" \"PostmanRuntime/7.26.8\"\n"}
{"level":"info","message":"::1 - - [26/Jun/2022:22:33:22 +0000] \"POST /auth/signup/ HTTP/1.1\" 500 61 \"-\" \"PostmanRuntime/7.26.8\"\n"}
{"level":"info","message":"::1 - - [26/Jun/2022:22:35:01 +0000] \"POST /auth/signup/ HTTP/1.1\" 500 61 \"-\" \"PostmanRuntime/7.26.8\"\n"}
{"level":"info","message":"::ffff:127.0.0.1 - - [26/Jun/2022:22:35:27 +0000] \"POST /auth/signup/ HTTP/1.1\" 500 51 \"-\" \"PostmanRuntime/7.26.8\"\n"}
{"level":"info","message":"::1 - - [26/Jun/2022:22:35:35 +0000] \"POST /auth/signup/ HTTP/1.1\" 200 54 \"-\" \"PostmanRuntime/7.26.8\"\n"}
{"level":"info","message":"::1 - - [26/Jun/2022:22:38:14 +0000] \"POST /auth/signup/ HTTP/1.1\" 409 45 \"-\" \"PostmanRuntime/7.26.8\"\n"}
{"level":"info","message":"::1 - - [26/Jun/2022:22:38:23 +0000] \"POST /auth/signup/ HTTP/1.1\" 500 61 \"-\" \"PostmanRuntime/7.26.8\"\n"}
{"level":"info","message":"::1 - - [26/Jun/2022:22:39:06 +0000] \"POST /auth/signup/ HTTP/1.1\" 500 61 \"-\" \"PostmanRuntime/7.26.8\"\n"}
{"level":"info","message":"::1 - - [26/Jun/2022:22:39:08 +0000] \"POST /auth/signup/ HTTP/1.1\" 500 61 \"-\" \"PostmanRuntime/7.26.8\"\n"}
{"level":"info","message":"::1 - - [26/Jun/2022:22:39:25 +0000] \"POST /auth/signup/ HTTP/1.1\" 500 61 \"-\" \"PostmanRuntime/7.26.8\"\n"}
{"level":"info","message":"::1 - - [26/Jun/2022:22:40:28 +0000] \"POST /auth/signup/ HTTP/1.1\" 500 42 \"-\" \"PostmanRuntime/7.26.8\"\n"}
{"level":"info","message":"::1 - - [26/Jun/2022:22:41:06 +0000] \"POST /auth/signup/ HTTP/1.1\" 500 61 \"-\" \"PostmanRuntime/7.26.8\"\n"}
{"level":"info","message":"::1 - - [26/Jun/2022:22:41:36 +0000] \"POST /auth/signup/ HTTP/1.1\" 200 54 \"-\" \"PostmanRuntime/7.26.8\"\n"}
{"level":"info","message":"::ffff:127.0.0.1 - - [26/Jun/2022:22:45:04 +0000] \"POST /auth/signup/ HTTP/1.1\" 409 45 \"-\" \"PostmanRuntime/7.26.8\"\n"}
{"level":"info","message":"::1 - - [26/Jun/2022:22:45:12 +0000] \"POST /auth/signup/ HTTP/1.1\" 500 61 \"-\" \"PostmanRuntime/7.26.8\"\n"}
{"level":"info","message":"::1 - - [26/Jun/2022:22:45:24 +0000] \"POST /auth/signup/ HTTP/1.1\" 500 61 \"-\" \"PostmanRuntime/7.26.8\"\n"}
{"level":"info","message":"::1 - - [26/Jun/2022:22:46:08 +0000] \"POST /auth/signup/ HTTP/1.1\" 200 54 \"-\" \"PostmanRuntime/7.26.8\"\n"}
{"level":"info","message":"::1 - - [26/Jun/2022:22:46:22 +0000] \"POST /auth/signin HTTP/1.1\" 200 41 \"-\" \"PostmanRuntime/7.26.8\"\n"}
{"level":"info","message":"::1 - - [26/Jun/2022:22:52:09 +0000] \"GET /auth/get-all-users HTTP/1.1\" 200 5173 \"-\" \"PostmanRuntime/7.26.8\"\n"}
{"level":"info","message":"::1 - - [26/Jun/2022:22:52:46 +0000] \"GET /auth/get-all-users HTTP/1.1\" 500 66 \"-\" \"PostmanRuntime/7.26.8\"\n"}
{"level":"info","message":"::1 - - [26/Jun/2022:22:53:25 +0000] \"GET /auth/get-all-users HTTP/1.1\" 500 40 \"-\" \"PostmanRuntime/7.26.8\"\n"}
{"level":"info","message":"::1 - - [26/Jun/2022:22:53:42 +0000] \"POST /auth/signin HTTP/1.1\" 200 41 \"-\" \"PostmanRuntime/7.26.8\"\n"}
{"level":"info","message":"::1 - - [26/Jun/2022:22:54:26 +0000] \"GET /auth/get-all-users HTTP/1.1\" 500 40 \"-\" \"PostmanRuntime/7.26.8\"\n"}
{"level":"info","message":"::1 - - [26/Jun/2022:23:08:11 +0000] \"GET /auth/get-all-users HTTP/1.1\" 400 73 \"-\" \"PostmanRuntime/7.26.8\"\n"}
{"level":"info","message":"::1 - - [26/Jun/2022:23:09:40 +0000] \"GET /auth/get-all-users HTTP/1.1\" 400 73 \"-\" \"PostmanRuntime/7.26.8\"\n"}
{"level":"info","message":"::1 - - [26/Jun/2022:23:09:56 +0000] \"GET /auth/get-all-users HTTP/1.1\" 400 73 \"-\" \"PostmanRuntime/7.26.8\"\n"}
{"level":"info","message":"::1 - - [26/Jun/2022:23:10:45 +0000] \"POST /auth/signup/ HTTP/1.1\" 200 54 \"-\" \"PostmanRuntime/7.26.8\"\n"}
{"level":"info","message":"::1 - - [26/Jun/2022:23:11:45 +0000] \"GET /auth/get-all-users HTTP/1.1\" 200 5567 \"-\" \"PostmanRuntime/7.26.8\"\n"}
{"level":"info","message":"::1 - - [26/Jun/2022:23:20:52 +0000] \"POST /auth/signin HTTP/1.1\" 200 41 \"-\" \"PostmanRuntime/7.26.8\"\n"}
{"level":"info","message":"::1 - - [26/Jun/2022:23:21:58 +0000] \"POST /auth/signin HTTP/1.1\" 200 41 \"-\" \"PostmanRuntime/7.26.8\"\n"}
{"level":"info","message":"::1 - - [26/Jun/2022:23:22:10 +0000] \"GET /auth/get-user/ HTTP/1.1\" 404 153 \"-\" \"PostmanRuntime/7.26.8\"\n"}
{"level":"info","message":"::1 - - [26/Jun/2022:23:22:27 +0000] \"GET /auth/get-user/62b8ce82f229ebf19f33319b HTTP/1.1\" 400 40 \"-\" \"PostmanRuntime/7.26.8\"\n"}
{"level":"info","message":"::1 - - [26/Jun/2022:23:23:05 +0000] \"GET /auth/get-user/62b8ce82f229ebf19f33319b HTTP/1.1\" 200 5 \"-\" \"PostmanRuntime/7.26.8\"\n"}
{"level":"info","message":"::1 - - [26/Jun/2022:23:23:25 +0000] \"GET /auth/get-user/62b8cec2251559f63bee7968 HTTP/1.1\" 200 4 \"-\" \"PostmanRuntime/7.26.8\"\n"}
{"level":"info","message":"::1 - - [26/Jun/2022:23:23:33 +0000] \"POST /auth/signin HTTP/1.1\" 200 41 \"-\" \"PostmanRuntime/7.26.8\"\n"}
{"level":"info","message":"::1 - - [26/Jun/2022:23:23:47 +0000] \"GET /auth/get-user/62b8cec2251559f63bee7968 HTTP/1.1\" 200 4 \"-\" \"PostmanRuntime/7.26.8\"\n"}
{"level":"info","message":"::1 - - [26/Jun/2022:23:24:11 +0000] \"GET /auth/get-user/62b8cec2251559f63bee7968 HTTP/1.1\" 200 4 \"-\" \"PostmanRuntime/7.26.8\"\n"}
{"level":"info","message":"::1 - - [26/Jun/2022:23:24:32 +0000] \"GET /auth/get-user/62b8cec2251559f63bee7968 HTTP/1.1\" 200 4 \"-\" \"PostmanRuntime/7.26.8\"\n"}
{"level":"info","message":"::1 - - [26/Jun/2022:23:24:54 +0000] \"GET /auth/get-user/62b8cec2251559f63bee7968 HTTP/1.1\" 200 5 \"-\" \"PostmanRuntime/7.26.8\"\n"}
{"level":"info","message":"::1 - - [26/Jun/2022:23:25:53 +0000] \"GET /auth/get-user/62b8cec2251559f63bee7968 HTTP/1.1\" 200 8 \"-\" \"PostmanRuntime/7.26.8\"\n"}
{"level":"info","message":"::1 - - [26/Jun/2022:23:26:01 +0000] \"POST /auth/signin HTTP/1.1\" 200 41 \"-\" \"PostmanRuntime/7.26.8\"\n"}
{"level":"info","message":"::1 - - [26/Jun/2022:23:26:17 +0000] \"GET /auth/get-user/62b8cec2251559f63bee7968 HTTP/1.1\" 200 11 \"-\" \"PostmanRuntime/7.26.8\"\n"}
{"level":"info","message":"::1 - - [26/Jun/2022:23:26:28 +0000] \"GET /auth/get-user/62b8ce82f229ebf19f33319b HTTP/1.1\" 200 8 \"-\" \"PostmanRuntime/7.26.8\"\n"}
{"level":"info","message":"::1 - - [26/Jun/2022:23:28:38 +0000] \"GET /auth/get-user/62b8ce82f229ebf19f33319b HTTP/1.1\" 200 434 \"-\" \"PostmanRuntime/7.26.8\"\n"}
{"level":"info","message":"::1 - - [26/Jun/2022:23:28:51 +0000] \"GET /auth/get-user/62b8cec2251559f63bee7968 HTTP/1.1\" 500 38 \"-\" \"PostmanRuntime/7.26.8\"\n"}
{"level":"info","message":"::1 - - [26/Jun/2022:23:29:00 +0000] \"POST /auth/signin HTTP/1.1\" 200 41 \"-\" \"PostmanRuntime/7.26.8\"\n"}
{"level":"info","message":"::1 - - [26/Jun/2022:23:29:11 +0000] \"GET /auth/get-user/62b8cec2251559f63bee7968 HTTP/1.1\" 200 434 \"-\" \"PostmanRuntime/7.26.8\"\n"}
{"level":"info","message":"::1 - - [26/Jun/2022:23:36:09 +0000] \"GET /auth/block-user/62b8cec2251559f63bee7968 HTTP/1.1\" 400 39 \"-\" \"PostmanRuntime/7.26.8\"\n"}
{"level":"info","message":"::1 - - [26/Jun/2022:23:37:49 +0000] \"GET /auth/block-user/62b8cec2251559f63bee7968 HTTP/1.1\" 400 44 \"-\" \"PostmanRuntime/7.26.8\"\n"}
{"level":"info","message":"::ffff:127.0.0.1 - - [26/Jun/2022:23:38:09 +0000] \"GET /auth/block-user/62b8cec2251559f63bee7968 HTTP/1.1\" 400 44 \"-\" \"PostmanRuntime/7.26.8\"\n"}
{"level":"info","message":"::1 - - [26/Jun/2022:23:38:41 +0000] \"GET /auth/block-user/62b8cec2251559f63bee7968 HTTP/1.1\" 200 438 \"-\" \"PostmanRuntime/7.26.8\"\n"}
{"level":"info","message":"::1 - - [26/Jun/2022:23:48:55 +0000] \"POST /auth/signin HTTP/1.1\" 200 41 \"-\" \"PostmanRuntime/7.26.8\"\n"}
{"level":"info","message":"::1 - - [26/Jun/2022:23:49:43 +0000] \"GET /auth/generate-accesstoken HTTP/1.1\" 200 46 \"-\" \"PostmanRuntime/7.26.8\"\n"}
